<?xml version="1.0" encoding="UTF-8"?>
<!-- Generated by org.testng.reporters.JUnitXMLReporter -->
<testsuite hostname="WPUKW75188" name="Firefox" tests="1" failures="0" timestamp="27 Mar 2018 09:03:50 GMT" time="1.446" errors="0">
  <testcase name="@BeforeMethod initWebDriver" time="0.0" classname="com.deere.testCases.SSDATestCases">
    <failure type="java.lang.RuntimeException" message="Framework Config Issue : Unable to find a matching set of capabilities
Build info: version: &amp;apos;3.5.3&amp;apos;, revision: &amp;apos;a88d25fe6b&amp;apos;, time: &amp;apos;2017-08-29T12:42:44.417Z&amp;apos;
System info: host: &amp;apos;WPUKW75188&amp;apos;, ip: &amp;apos;172.24.58.31&amp;apos;, os.name: &amp;apos;Windows 7&amp;apos;, os.arch: &amp;apos;amd64&amp;apos;, os.version: &amp;apos;6.1&amp;apos;, java.version: &amp;apos;1.8.0_101&amp;apos;
Driver info: driver.version: FirefoxDriver
remote stacktrace: stack backtrace:
   0:           0x4821c4 - &amp;lt;no info&amp;gt;
   1:           0x482933 - &amp;lt;no info&amp;gt;
   2:           0x445281 - &amp;lt;no info&amp;gt;
   3:           0x4462ca - &amp;lt;no info&amp;gt;
   4:           0x43026a - &amp;lt;no info&amp;gt;
   5:           0x40ba4e - &amp;lt;no info&amp;gt;
   6:           0x4119b9 - &amp;lt;no info&amp;gt;
   7:           0x6d2c89 - &amp;lt;no info&amp;gt;
   8:           0x426006 - &amp;lt;no info&amp;gt;
   9:           0x6cd490 - &amp;lt;no info&amp;gt;
  10:         0x775e59cd - BaseThreadInitThunk">
      <![CDATA[java.lang.RuntimeException: Framework Config Issue : Unable to find a matching set of capabilities
Build info: version: '3.5.3', revision: 'a88d25fe6b', time: '2017-08-29T12:42:44.417Z'
System info: host: 'WPUKW75188', ip: '172.24.58.31', os.name: 'Windows 7', os.arch: 'amd64', os.version: '6.1', java.version: '1.8.0_101'
Driver info: driver.version: FirefoxDriver
remote stacktrace: stack backtrace:
   0:           0x4821c4 - <no info>
   1:           0x482933 - <no info>
   2:           0x445281 - <no info>
   3:           0x4462ca - <no info>
   4:           0x43026a - <no info>
   5:           0x40ba4e - <no info>
   6:           0x4119b9 - <no info>
   7:           0x6d2c89 - <no info>
   8:           0x426006 - <no info>
   9:           0x6cd490 - <no info>
  10:         0x775e59cd - BaseThreadInitThunk
	at com.deere.global.CoreTestCase.initWebDriver(CoreTestCase.java:116)
	at java.util.concurrent.ThreadPoolExecutor.runWorker(ThreadPoolExecutor.java:1142)
	at java.util.concurrent.ThreadPoolExecutor$Worker.run(ThreadPoolExecutor.java:617)
	at java.lang.Thread.run(Thread.java:745)
... Removed 12 stack frames]]>
    </failure>
  </testcase> <!-- @BeforeMethod initWebDriver -->
  <testcase name="@AfterMethod tearDown" time="0.0" classname="com.deere.testCases.SSDATestCases">
    <failure type="java.lang.RuntimeException" message="Framework Config Issue : null">
      <![CDATA[java.lang.RuntimeException: Framework Config Issue : null
	at com.deere.global.CoreTestCase.tearDown(CoreTestCase.java:167)
	at java.util.concurrent.ThreadPoolExecutor.runWorker(ThreadPoolExecutor.java:1142)
	at java.util.concurrent.ThreadPoolExecutor$Worker.run(ThreadPoolExecutor.java:617)
	at java.lang.Thread.run(Thread.java:745)
... Removed 12 stack frames]]>
    </failure>
  </testcase> <!-- @AfterMethod tearDown -->
  <testcase name="test_VerifyNullNotNullforMachineInfoSSDA" time="0.001" classname="com.deere.testCases.SSDATestCases">
    <skipped/>
  </testcase> <!-- test_VerifyNullNotNullforMachineInfoSSDA -->
</testsuite> <!-- Firefox -->
