<?xml version="1.0" encoding="UTF-8"?>
<!-- Generated by org.testng.reporters.JUnitXMLReporter -->
<testsuite hostname="WPUKW75188" name="IE" tests="1" failures="1" timestamp="4 Apr 2018 07:14:25 GMT" time="11.525" errors="0">
  <testcase name="@AfterMethod tearDown" time="0.0" classname="com.deere.testCases.SSDATestCases">
    <failure type="java.lang.RuntimeException" message="Framework Config Issue : Unable to get browser (WARNING: The server did not provide any stacktrace information)
Command duration or timeout: 0 milliseconds
Build info: version: &amp;apos;3.5.3&amp;apos;, revision: &amp;apos;a88d25fe6b&amp;apos;, time: &amp;apos;2017-08-29T12:42:44.417Z&amp;apos;
System info: host: &amp;apos;WPUKW75188&amp;apos;, ip: &amp;apos;172.24.58.31&amp;apos;, os.name: &amp;apos;Windows 7&amp;apos;, os.arch: &amp;apos;amd64&amp;apos;, os.version: &amp;apos;6.1&amp;apos;, java.version: &amp;apos;1.8.0_101&amp;apos;
Driver info: org.openqa.selenium.ie.InternetExplorerDriver
Capabilities [{browserAttachTimeout=0, ie.enableFullPageScreenshot=true, enablePersistentHover=true, ie.forceCreateProcessApi=false, ie.forceShellWindowsApi=false, pageLoadStrategy=normal, unhandledPromptBehavior=dismiss, ignoreZoomSetting=true, ie.fileUploadDialogTimeout=3000, version=11, platform=WINDOWS, nativeEvents=true, ie.ensureCleanSession=false, elementScrollBehavior=0, ie.browserCommandLineSwitches=, requireWindowFocus=false, browserName=internet explorer, initialBrowserUrl=http://localhost:5954/, javascriptEnabled=true, ignoreProtectedModeSettings=true, platformName=WINDOWS, enableElementCacheCleanup=true, unexpectedAlertBehaviour=dismiss}]
Session ID: e4c3e209-f17d-4aa1-9348-a61c9b0b17b5">
      <![CDATA[java.lang.RuntimeException: Framework Config Issue : Unable to get browser (WARNING: The server did not provide any stacktrace information)
Command duration or timeout: 0 milliseconds
Build info: version: '3.5.3', revision: 'a88d25fe6b', time: '2017-08-29T12:42:44.417Z'
System info: host: 'WPUKW75188', ip: '172.24.58.31', os.name: 'Windows 7', os.arch: 'amd64', os.version: '6.1', java.version: '1.8.0_101'
Driver info: org.openqa.selenium.ie.InternetExplorerDriver
Capabilities [{browserAttachTimeout=0, ie.enableFullPageScreenshot=true, enablePersistentHover=true, ie.forceCreateProcessApi=false, ie.forceShellWindowsApi=false, pageLoadStrategy=normal, unhandledPromptBehavior=dismiss, ignoreZoomSetting=true, ie.fileUploadDialogTimeout=3000, version=11, platform=WINDOWS, nativeEvents=true, ie.ensureCleanSession=false, elementScrollBehavior=0, ie.browserCommandLineSwitches=, requireWindowFocus=false, browserName=internet explorer, initialBrowserUrl=http://localhost:5954/, javascriptEnabled=true, ignoreProtectedModeSettings=true, platformName=WINDOWS, enableElementCacheCleanup=true, unexpectedAlertBehaviour=dismiss}]
Session ID: e4c3e209-f17d-4aa1-9348-a61c9b0b17b5
	at com.deere.global.CoreTestCase.tearDown(CoreTestCase.java:167)
	at java.util.concurrent.ThreadPoolExecutor.runWorker(ThreadPoolExecutor.java:1142)
	at java.util.concurrent.ThreadPoolExecutor$Worker.run(ThreadPoolExecutor.java:617)
	at java.lang.Thread.run(Thread.java:745)
... Removed 12 stack frames]]>
    </failure>
  </testcase> <!-- @AfterMethod tearDown -->
  <testcase name="test_VerifySolutionUsedSectionSSDA" time="7.84" classname="com.deere.testCases.SSDATestCases">
    <failure type="java.lang.RuntimeException" message="Error setting arguments for script (WARNING: The server did not provide any stacktrace information)
Command duration or timeout: 0 milliseconds
For documentation on this error, please visit: http://seleniumhq.org/exceptions/stale_element_reference.html
Build info: version: &amp;apos;3.5.3&amp;apos;, revision: &amp;apos;a88d25fe6b&amp;apos;, time: &amp;apos;2017-08-29T12:42:44.417Z&amp;apos;
System info: host: &amp;apos;WPUKW75188&amp;apos;, ip: &amp;apos;172.24.58.31&amp;apos;, os.name: &amp;apos;Windows 7&amp;apos;, os.arch: &amp;apos;amd64&amp;apos;, os.version: &amp;apos;6.1&amp;apos;, java.version: &amp;apos;1.8.0_101&amp;apos;
Driver info: org.openqa.selenium.ie.InternetExplorerDriver
Capabilities [{browserAttachTimeout=0, ie.enableFullPageScreenshot=true, enablePersistentHover=true, ie.forceCreateProcessApi=false, ie.forceShellWindowsApi=false, pageLoadStrategy=normal, unhandledPromptBehavior=dismiss, ignoreZoomSetting=true, ie.fileUploadDialogTimeout=3000, version=11, platform=WINDOWS, nativeEvents=true, ie.ensureCleanSession=false, elementScrollBehavior=0, ie.browserCommandLineSwitches=, requireWindowFocus=false, browserName=internet explorer, initialBrowserUrl=http://localhost:5954/, javascriptEnabled=true, ignoreProtectedModeSettings=true, platformName=WINDOWS, enableElementCacheCleanup=true, unexpectedAlertBehaviour=dismiss}]
Session ID: e4c3e209-f17d-4aa1-9348-a61c9b0b17b5">
      <![CDATA[java.lang.RuntimeException: Error setting arguments for script (WARNING: The server did not provide any stacktrace information)
Command duration or timeout: 0 milliseconds
For documentation on this error, please visit: http://seleniumhq.org/exceptions/stale_element_reference.html
Build info: version: '3.5.3', revision: 'a88d25fe6b', time: '2017-08-29T12:42:44.417Z'
System info: host: 'WPUKW75188', ip: '172.24.58.31', os.name: 'Windows 7', os.arch: 'amd64', os.version: '6.1', java.version: '1.8.0_101'
Driver info: org.openqa.selenium.ie.InternetExplorerDriver
Capabilities [{browserAttachTimeout=0, ie.enableFullPageScreenshot=true, enablePersistentHover=true, ie.forceCreateProcessApi=false, ie.forceShellWindowsApi=false, pageLoadStrategy=normal, unhandledPromptBehavior=dismiss, ignoreZoomSetting=true, ie.fileUploadDialogTimeout=3000, version=11, platform=WINDOWS, nativeEvents=true, ie.ensureCleanSession=false, elementScrollBehavior=0, ie.browserCommandLineSwitches=, requireWindowFocus=false, browserName=internet explorer, initialBrowserUrl=http://localhost:5954/, javascriptEnabled=true, ignoreProtectedModeSettings=true, platformName=WINDOWS, enableElementCacheCleanup=true, unexpectedAlertBehaviour=dismiss}]
Session ID: e4c3e209-f17d-4aa1-9348-a61c9b0b17b5
	at com.deere.global.CommonFunctions.waitForElement(CommonFunctions.java:462)
	at com.deere.pages.SiteMinderLoginPage.clickSignInBtn(SiteMinderLoginPage.java:43)
	at com.deere.global.FunctionalMethods.loginToSiteMinder(FunctionalMethods.java:71)
	at com.deere.testCases.SSDATestCases.test_VerifySolutionUsedSectionSSDA(SSDATestCases.java:433)
	at java.util.concurrent.ThreadPoolExecutor.runWorker(ThreadPoolExecutor.java:1142)
	at java.util.concurrent.ThreadPoolExecutor$Worker.run(ThreadPoolExecutor.java:617)
	at java.lang.Thread.run(Thread.java:745)
... Removed 10 stack frames]]>
    </failure>
  </testcase> <!-- test_VerifySolutionUsedSectionSSDA -->
</testsuite> <!-- IE -->
