<?xml version="1.0" encoding="UTF-8"?>
<!-- Generated by org.testng.reporters.JUnitXMLReporter -->
<testsuite hostname="WPUSM24398A" name="Regression Suite" tests="1" failures="1" timestamp="11 Oct 2017 06:24:04 GMT" time="13.46" errors="0">
  <testcase name="test_LaborRateHistoryReport" time="5.607" classname="com.deere.testCases.ClaimReports">
    <failure type="java.lang.AssertionError" message="not failed expected [true] but found [false]">
      <![CDATA[java.lang.AssertionError: not failed expected [true] but found [false]
	at com.deere.global.CommonFunctions.assertTrue(CommonFunctions.java:1152)
	at com.deere.testCases.ClaimReports.test_LaborRateHistoryReport(ClaimReports.java:167)
	at java.util.concurrent.ThreadPoolExecutor.runWorker(ThreadPoolExecutor.java:1142)
	at java.util.concurrent.ThreadPoolExecutor$Worker.run(ThreadPoolExecutor.java:617)
	at java.lang.Thread.run(Thread.java:745)
... Removed 13 stack frames]]>
    </failure>
  </testcase> <!-- test_LaborRateHistoryReport -->
</testsuite> <!-- Regression Suite -->
