<?xml version="1.0" encoding="UTF-8"?>
<testng-results skipped="0" failed="1" total="1" passed="0">
  <reporter-output>
  </reporter-output>
  <suite name="End to End Suite" duration-ms="94853" started-at="2018-08-15T06:12:46Z" finished-at="2018-08-15T06:14:21Z">
    <groups>
    </groups>
    <test name="Chrome" duration-ms="94853" started-at="2018-08-15T06:12:46Z" finished-at="2018-08-15T06:14:21Z">
      <class name="com.deere.testCases.WebFormsTestCases">
        <test-method status="PASS" signature="initTestSuite()[pri:0, instance:com.deere.testCases.WebFormsTestCases@9e345f]" name="initTestSuite" is-config="true" duration-ms="120" started-at="2018-08-15T11:42:46Z" finished-at="2018-08-15T11:42:46Z">
          <reporter-output>
          </reporter-output>
        </test-method> <!-- initTestSuite -->
        <test-method status="PASS" signature="initWebDriver(java.lang.String, java.lang.reflect.Method)[pri:0, instance:com.deere.testCases.WebFormsTestCases@9e345f]" name="initWebDriver" is-config="true" duration-ms="3801" started-at="2018-08-15T11:42:46Z" finished-at="2018-08-15T11:42:50Z">
          <params>
            <param index="0">
              <value>
                <![CDATA[Chrome]]>
              </value>
            </param>
            <param index="1">
              <value>
                <![CDATA[public static void com.deere.testCases.WebFormsTestCases.test_TC6599_Techpubs(com.deere.global.InputEnvironmentDetails,com.deere.global.InputTestDetails) throws java.lang.Throwable]]>
              </value>
            </param>
          </params>
          <reporter-output>
          </reporter-output>
        </test-method> <!-- initWebDriver -->
        <test-method status="FAIL" signature="test_TC6599_Techpubs(com.deere.global.InputEnvironmentDetails, com.deere.global.InputTestDetails)[pri:0, instance:com.deere.testCases.WebFormsTestCases@9e345f]" name="test_TC6599_Techpubs" duration-ms="60176" started-at="2018-08-15T11:42:50Z" data-provider="TEST_DATA_PROVIDER" finished-at="2018-08-15T11:43:50Z">
          <params>
            <param index="0">
              <value>
                <![CDATA[com.deere.global.InputEnvironmentDetails@531294]]>
              </value>
            </param>
            <param index="1">
              <value>
                <![CDATA[com.deere.global.InputTestDetails@55ecb9]]>
              </value>
            </param>
          </params>
          <exception class="java.lang.RuntimeException">
            <message>
              <![CDATA[no such element: Unable to locate element: {"method":"xpath","selector":"//button[@data-test-id='2018032009190808106446']"}
  (Session info: chrome=68.0.3440.106)
  (Driver info: chromedriver=2.38.552522 (437e6fbedfa8762dec75e2c5b3ddb86763dc9dcb),platform=Windows NT 10.0.16299 x86_64) (WARNING: The server did not provide any stacktrace information)
Command duration or timeout: 0 milliseconds
For documentation on this error, please visit: http://seleniumhq.org/exceptions/no_such_element.html
Build info: version: '3.5.3', revision: 'a88d25fe6b', time: '2017-08-29T12:42:44.417Z'
System info: host: 'IL-1270', ip: '192.168.0.103', os.name: 'Windows 10', os.arch: 'x86', os.version: '10.0', java.version: '1.8.0_172'
Driver info: org.openqa.selenium.chrome.ChromeDriver
Capabilities [{mobileEmulationEnabled=false, hasTouchScreen=false, platform=XP, acceptSslCerts=false, acceptInsecureCerts=false, webStorageEnabled=true, browserName=chrome, takesScreenshot=true, javascriptEnabled=true, platformName=XP, setWindowRect=true, unexpectedAlertBehaviour=, applicationCacheEnabled=false, rotatable=false, networkConnectionEnabled=false, chrome={chromedriverVersion=2.38.552522 (437e6fbedfa8762dec75e2c5b3ddb86763dc9dcb), userDataDir=C:\Users\APARAJ~1\AppData\Local\Temp\scoped_dir8612_25900}, takesHeapSnapshot=true, pageLoadStrategy=normal, unhandledPromptBehavior=, databaseEnabled=false, handlesAlerts=true, version=68.0.3440.106, browserConnectionEnabled=false, nativeEvents=true, locationContextEnabled=true, cssSelectorsEnabled=true}]
Session ID: bc85009fccbb21e1332772921a690ef5
*** Element info: {Using=xpath, value=//button[@data-test-id='2018032009190808106446']}]]>
            </message>
            <full-stacktrace>
              <![CDATA[java.lang.RuntimeException: no such element: Unable to locate element: {"method":"xpath","selector":"//button[@data-test-id='2018032009190808106446']"}
  (Session info: chrome=68.0.3440.106)
  (Driver info: chromedriver=2.38.552522 (437e6fbedfa8762dec75e2c5b3ddb86763dc9dcb),platform=Windows NT 10.0.16299 x86_64) (WARNING: The server did not provide any stacktrace information)
Command duration or timeout: 0 milliseconds
For documentation on this error, please visit: http://seleniumhq.org/exceptions/no_such_element.html
Build info: version: '3.5.3', revision: 'a88d25fe6b', time: '2017-08-29T12:42:44.417Z'
System info: host: 'IL-1270', ip: '192.168.0.103', os.name: 'Windows 10', os.arch: 'x86', os.version: '10.0', java.version: '1.8.0_172'
Driver info: org.openqa.selenium.chrome.ChromeDriver
Capabilities [{mobileEmulationEnabled=false, hasTouchScreen=false, platform=XP, acceptSslCerts=false, acceptInsecureCerts=false, webStorageEnabled=true, browserName=chrome, takesScreenshot=true, javascriptEnabled=true, platformName=XP, setWindowRect=true, unexpectedAlertBehaviour=, applicationCacheEnabled=false, rotatable=false, networkConnectionEnabled=false, chrome={chromedriverVersion=2.38.552522 (437e6fbedfa8762dec75e2c5b3ddb86763dc9dcb), userDataDir=C:\Users\APARAJ~1\AppData\Local\Temp\scoped_dir8612_25900}, takesHeapSnapshot=true, pageLoadStrategy=normal, unhandledPromptBehavior=, databaseEnabled=false, handlesAlerts=true, version=68.0.3440.106, browserConnectionEnabled=false, nativeEvents=true, locationContextEnabled=true, cssSelectorsEnabled=true}]
Session ID: bc85009fccbb21e1332772921a690ef5
*** Element info: {Using=xpath, value=//button[@data-test-id='2018032009190808106446']}
	at com.deere.global.CommonFunctions.waitForElement(CommonFunctions.java:464)
	at com.deere.pages.webform.Techpubs.clickSubmit(Techpubs.java:278)
	at com.deere.global.FunctionalMethods.clickSubmit(FunctionalMethods.java:762)
	at com.deere.testCases.WebFormsTestCases.test_TC6599_Techpubs(WebFormsTestCases.java:1054)
	at sun.reflect.NativeMethodAccessorImpl.invoke0(Native Method)
	at sun.reflect.NativeMethodAccessorImpl.invoke(Unknown Source)
	at sun.reflect.DelegatingMethodAccessorImpl.invoke(Unknown Source)
	at java.lang.reflect.Method.invoke(Unknown Source)
	at org.testng.internal.MethodInvocationHelper.invokeMethod(MethodInvocationHelper.java:84)
	at org.testng.internal.Invoker.invokeMethod(Invoker.java:714)
	at org.testng.internal.Invoker.invokeTestMethod(Invoker.java:901)
	at org.testng.internal.Invoker.invokeTestMethods(Invoker.java:1231)
	at org.testng.internal.TestMethodWorker.invokeTestMethods(TestMethodWorker.java:127)
	at org.testng.internal.TestMethodWorker.run(TestMethodWorker.java:111)
	at java.util.concurrent.ThreadPoolExecutor.runWorker(Unknown Source)
	at java.util.concurrent.ThreadPoolExecutor$Worker.run(Unknown Source)
	at java.lang.Thread.run(Unknown Source)
]]>
            </full-stacktrace>
          </exception> <!-- java.lang.RuntimeException -->
          <reporter-output>
          </reporter-output>
        </test-method> <!-- test_TC6599_Techpubs -->
        <test-method status="PASS" signature="tearDown(org.testng.ITestResult, java.lang.String)[pri:0, instance:com.deere.testCases.WebFormsTestCases@9e345f]" name="tearDown" is-config="true" duration-ms="30866" started-at="2018-08-15T11:43:50Z" finished-at="2018-08-15T11:44:21Z">
          <params>
            <param index="0">
              <value>
                <![CDATA[[TestResult name=test_TC6599_Techpubs status=FAILURE method=WebFormsTestCases.test_TC6599_Techpubs(com.deere.global.InputEnvironmentDetails, com.deere.global.InputTestDetails)[pri:0, instance:com.deere.testCases.WebFormsTestCases@9e345f] output={null}]]]>
              </value>
            </param>
            <param index="1">
              <value>
                <![CDATA[Chrome]]>
              </value>
            </param>
          </params>
          <reporter-output>
          </reporter-output>
        </test-method> <!-- tearDown -->
        <test-method status="PASS" signature="endSuite()[pri:0, instance:com.deere.testCases.WebFormsTestCases@9e345f]" name="endSuite" is-config="true" duration-ms="988" started-at="2018-08-15T11:44:21Z" finished-at="2018-08-15T11:44:22Z">
          <reporter-output>
          </reporter-output>
        </test-method> <!-- endSuite -->
      </class> <!-- com.deere.testCases.WebFormsTestCases -->
    </test> <!-- Chrome -->
  </suite> <!-- End to End Suite -->
</testng-results>
