<?xml version="1.0" encoding="UTF-8"?>
<!-- Generated by org.testng.reporters.JUnitReportReporter -->
<testsuite hostname="WPUKW75188" name="com.deere.testCases.DTTestCases" tests="9" failures="2" timestamp="10 Apr 2018 09:57:31 GMT" time="549.926" errors="2">
  <testcase name="test_SearchWithMachineInfoDT" time="54.227" classname="com.deere.testCases.DTTestCases"/>
  <testcase name="test_IndividualResultsForDT" time="64.514" classname="com.deere.testCases.DTTestCases">
    <error type="java.lang.AssertionError" message="Action items are not correctly displayed expected [true] but found [false]">
      <![CDATA[java.lang.AssertionError: Action items are not correctly displayed expected [true] but found [false]
	at org.testng.Assert.fail(Assert.java:94)
	at org.testng.Assert.failNotEquals(Assert.java:494)
	at org.testng.Assert.assertTrue(Assert.java:42)
	at com.deere.global.CommonFunctions.assertTrue(CommonFunctions.java:1066)
	at com.deere.testCases.DTTestCases.test_IndividualResultsForDT(DTTestCases.java:655)
	at sun.reflect.NativeMethodAccessorImpl.invoke0(Native Method)
	at sun.reflect.NativeMethodAccessorImpl.invoke(NativeMethodAccessorImpl.java:62)
	at sun.reflect.DelegatingMethodAccessorImpl.invoke(DelegatingMethodAccessorImpl.java:43)
	at java.lang.reflect.Method.invoke(Method.java:498)
	at org.testng.internal.MethodInvocationHelper.invokeMethod(MethodInvocationHelper.java:84)
	at org.testng.internal.Invoker.invokeMethod(Invoker.java:714)
	at org.testng.internal.Invoker.invokeTestMethod(Invoker.java:901)
	at org.testng.internal.Invoker.invokeTestMethods(Invoker.java:1231)
	at org.testng.internal.TestMethodWorker.invokeTestMethods(TestMethodWorker.java:127)
	at org.testng.internal.TestMethodWorker.run(TestMethodWorker.java:111)
	at java.util.concurrent.ThreadPoolExecutor.runWorker(ThreadPoolExecutor.java:1142)
	at java.util.concurrent.ThreadPoolExecutor$Worker.run(ThreadPoolExecutor.java:617)
	at java.lang.Thread.run(Thread.java:745)
]]>
    </error>
  </testcase> <!-- test_IndividualResultsForDT -->
  <testcase name="test_SearchWithContactInfoDT" time="57.880" classname="com.deere.testCases.DTTestCases"/>
  <testcase name="test_AutoFillMachineInfoDT" time="45.483" classname="com.deere.testCases.DTTestCases">
    <error type="java.lang.AssertionError" message="Correct model is not displayed expected [true] but found [false]">
      <![CDATA[java.lang.AssertionError: Correct model is not displayed expected [true] but found [false]
	at org.testng.Assert.fail(Assert.java:94)
	at org.testng.Assert.failNotEquals(Assert.java:494)
	at org.testng.Assert.assertTrue(Assert.java:42)
	at com.deere.global.CommonFunctions.assertTrue(CommonFunctions.java:1066)
	at com.deere.testCases.DTTestCases.test_AutoFillMachineInfoDT(DTTestCases.java:69)
	at sun.reflect.NativeMethodAccessorImpl.invoke0(Native Method)
	at sun.reflect.NativeMethodAccessorImpl.invoke(NativeMethodAccessorImpl.java:62)
	at sun.reflect.DelegatingMethodAccessorImpl.invoke(DelegatingMethodAccessorImpl.java:43)
	at java.lang.reflect.Method.invoke(Method.java:498)
	at org.testng.internal.MethodInvocationHelper.invokeMethod(MethodInvocationHelper.java:84)
	at org.testng.internal.Invoker.invokeMethod(Invoker.java:714)
	at org.testng.internal.Invoker.invokeTestMethod(Invoker.java:901)
	at org.testng.internal.Invoker.invokeTestMethods(Invoker.java:1231)
	at org.testng.internal.TestMethodWorker.invokeTestMethods(TestMethodWorker.java:127)
	at org.testng.internal.TestMethodWorker.run(TestMethodWorker.java:111)
	at java.util.concurrent.ThreadPoolExecutor.runWorker(ThreadPoolExecutor.java:1142)
	at java.util.concurrent.ThreadPoolExecutor$Worker.run(ThreadPoolExecutor.java:617)
	at java.lang.Thread.run(Thread.java:745)
]]>
    </error>
  </testcase> <!-- test_AutoFillMachineInfoDT -->
  <testcase name="test_CrossMappingMachineInfoDT" time="67.344" classname="com.deere.testCases.DTTestCases">
    <failure type="java.lang.RuntimeException" message="Expected condition failed: waiting for visibility of Proxy element for: DefaultElementLocator &#039;By.xpath: //table[@id=&#039;bodyTbl_right&#039;]//tbody//div[@class=&#039;oflowDiv&#039;]//div[@class=&#039;cellIn&#039;]/span&#039; (tried for 20 second(s) with 500 MILLISECONDS interval)">
      <![CDATA[java.lang.RuntimeException: Expected condition failed: waiting for visibility of Proxy element for: DefaultElementLocator 'By.xpath: //table[@id='bodyTbl_right']//tbody//div[@class='oflowDiv']//div[@class='cellIn']/span' (tried for 20 second(s) with 500 MILLISECONDS interval)
	at com.deere.global.CommonFunctions.waitForElement(CommonFunctions.java:466)
	at com.deere.pages.casesearchhome.CaseSearchHomePage.hasCategoryAutoOptionDisplayed(CaseSearchHomePage.java:465)
	at com.deere.testCases.DTTestCases.test_CrossMappingMachineInfoDT(DTTestCases.java:134)
	at sun.reflect.NativeMethodAccessorImpl.invoke0(Native Method)
	at sun.reflect.NativeMethodAccessorImpl.invoke(NativeMethodAccessorImpl.java:62)
	at sun.reflect.DelegatingMethodAccessorImpl.invoke(DelegatingMethodAccessorImpl.java:43)
	at java.lang.reflect.Method.invoke(Method.java:498)
	at org.testng.internal.MethodInvocationHelper.invokeMethod(MethodInvocationHelper.java:84)
	at org.testng.internal.Invoker.invokeMethod(Invoker.java:714)
	at org.testng.internal.Invoker.invokeTestMethod(Invoker.java:901)
	at org.testng.internal.Invoker.invokeTestMethods(Invoker.java:1231)
	at org.testng.internal.TestMethodWorker.invokeTestMethods(TestMethodWorker.java:127)
	at org.testng.internal.TestMethodWorker.run(TestMethodWorker.java:111)
	at java.util.concurrent.ThreadPoolExecutor.runWorker(ThreadPoolExecutor.java:1142)
	at java.util.concurrent.ThreadPoolExecutor$Worker.run(ThreadPoolExecutor.java:617)
	at java.lang.Thread.run(Thread.java:745)
]]>
    </failure>
  </testcase> <!-- test_CrossMappingMachineInfoDT -->
  <testcase name="test_SearchMarketingCaseDetailsForDT" time="65.770" classname="com.deere.testCases.DTTestCases"/>
  <testcase name="test_AccountFencingForDT" time="65.463" classname="com.deere.testCases.DTTestCases"/>
  <testcase name="test_SearchPartsWithCaseDetails" time="60.312" classname="com.deere.testCases.DTTestCases"/>
  <testcase name="test_SearchServiceWithCaseDetailsDT" time="68.933" classname="com.deere.testCases.DTTestCases">
    <failure type="java.lang.RuntimeException" message="Expected condition failed: waiting for visibility of [[ChromeDriver: chrome on XP (0facff89e835fabf13e3fc6c40401beb)] -&gt; xpath: //table[@id=&#039;bodyTbl_right&#039;]/tbody/tr//td/div[@class=&#039;oflowDiv&#039;]//span[@class=&#039;match-highlight&#039;]] (tried for 20 second(s) with 500 MILLISECONDS interval)
Build info: version: &#039;3.5.3&#039;, revision: &#039;a88d25fe6b&#039;, time: &#039;2017-08-29T12:42:44.417Z&#039;
System info: host: &#039;WPUKW75188&#039;, ip: &#039;172.24.58.31&#039;, os.name: &#039;Windows 7&#039;, os.arch: &#039;amd64&#039;, os.version: &#039;6.1&#039;, java.version: &#039;1.8.0_101&#039;
Driver info: org.openqa.selenium.chrome.ChromeDriver
Capabilities [{mobileEmulationEnabled=false, hasTouchScreen=false, platform=XP, acceptSslCerts=false, acceptInsecureCerts=false, webStorageEnabled=true, browserName=chrome, takesScreenshot=true, javascriptEnabled=true, platformName=XP, setWindowRect=true, unexpectedAlertBehaviour=, applicationCacheEnabled=false, rotatable=false, networkConnectionEnabled=false, chrome={chromedriverVersion=2.36.540470 (e522d04694c7ebea4ba8821272dbef4f9b818c91), userDataDir=C:\Users\kw75188\AppData\Local\Temp\scoped_dir1540_14916}, takesHeapSnapshot=true, pageLoadStrategy=normal, unhandledPromptBehavior=, databaseEnabled=false, handlesAlerts=true, version=65.0.3325.181, browserConnectionEnabled=false, nativeEvents=true, locationContextEnabled=true, cssSelectorsEnabled=true}]
Session ID: 0facff89e835fabf13e3fc6c40401beb">
      <![CDATA[java.lang.RuntimeException: Expected condition failed: waiting for visibility of [[ChromeDriver: chrome on XP (0facff89e835fabf13e3fc6c40401beb)] -> xpath: //table[@id='bodyTbl_right']/tbody/tr//td/div[@class='oflowDiv']//span[@class='match-highlight']] (tried for 20 second(s) with 500 MILLISECONDS interval)
Build info: version: '3.5.3', revision: 'a88d25fe6b', time: '2017-08-29T12:42:44.417Z'
System info: host: 'WPUKW75188', ip: '172.24.58.31', os.name: 'Windows 7', os.arch: 'amd64', os.version: '6.1', java.version: '1.8.0_101'
Driver info: org.openqa.selenium.chrome.ChromeDriver
Capabilities [{mobileEmulationEnabled=false, hasTouchScreen=false, platform=XP, acceptSslCerts=false, acceptInsecureCerts=false, webStorageEnabled=true, browserName=chrome, takesScreenshot=true, javascriptEnabled=true, platformName=XP, setWindowRect=true, unexpectedAlertBehaviour=, applicationCacheEnabled=false, rotatable=false, networkConnectionEnabled=false, chrome={chromedriverVersion=2.36.540470 (e522d04694c7ebea4ba8821272dbef4f9b818c91), userDataDir=C:\Users\kw75188\AppData\Local\Temp\scoped_dir1540_14916}, takesHeapSnapshot=true, pageLoadStrategy=normal, unhandledPromptBehavior=, databaseEnabled=false, handlesAlerts=true, version=65.0.3325.181, browserConnectionEnabled=false, nativeEvents=true, locationContextEnabled=true, cssSelectorsEnabled=true}]
Session ID: 0facff89e835fabf13e3fc6c40401beb
	at com.deere.global.CommonFunctions.waitForElement(CommonFunctions.java:466)
	at com.deere.pages.casesearchhome.CaseSearchHomePage.enterDecalModel(CaseSearchHomePage.java:409)
	at com.deere.global.FunctionalMethods.enterServiceCaseDetailsForDT(FunctionalMethods.java:403)
	at com.deere.testCases.DTTestCases.test_SearchServiceWithCaseDetailsDT(DTTestCases.java:519)
	at sun.reflect.NativeMethodAccessorImpl.invoke0(Native Method)
	at sun.reflect.NativeMethodAccessorImpl.invoke(NativeMethodAccessorImpl.java:62)
	at sun.reflect.DelegatingMethodAccessorImpl.invoke(DelegatingMethodAccessorImpl.java:43)
	at java.lang.reflect.Method.invoke(Method.java:498)
	at org.testng.internal.MethodInvocationHelper.invokeMethod(MethodInvocationHelper.java:84)
	at org.testng.internal.Invoker.invokeMethod(Invoker.java:714)
	at org.testng.internal.Invoker.invokeTestMethod(Invoker.java:901)
	at org.testng.internal.Invoker.invokeTestMethods(Invoker.java:1231)
	at org.testng.internal.TestMethodWorker.invokeTestMethods(TestMethodWorker.java:127)
	at org.testng.internal.TestMethodWorker.run(TestMethodWorker.java:111)
	at java.util.concurrent.ThreadPoolExecutor.runWorker(ThreadPoolExecutor.java:1142)
	at java.util.concurrent.ThreadPoolExecutor$Worker.run(ThreadPoolExecutor.java:617)
	at java.lang.Thread.run(Thread.java:745)
]]>
    </failure>
  </testcase> <!-- test_SearchServiceWithCaseDetailsDT -->
</testsuite> <!-- com.deere.testCases.DTTestCases -->
