<?xml version="1.0" encoding="UTF-8"?>
<!-- Generated by org.testng.reporters.JUnitReportReporter -->
<testsuite hostname="WPUKW75188" name="com.deere.testCases.TCSMTestCases" tests="1" failures="0" timestamp="11 Apr 2018 05:31:11 GMT" time="66.750" errors="1">
  <testcase name="test_ViewCaseOnFullScreenTCSM" time="66.750" classname="com.deere.testCases.TCSMTestCases">
    <error type="java.lang.AssertionError" message="Action items are not correctly displayed expected [true] but found [false]">
      <![CDATA[java.lang.AssertionError: Action items are not correctly displayed expected [true] but found [false]
	at org.testng.Assert.fail(Assert.java:94)
	at org.testng.Assert.failNotEquals(Assert.java:494)
	at org.testng.Assert.assertTrue(Assert.java:42)
	at com.deere.global.CommonFunctions.assertTrue(CommonFunctions.java:1066)
	at com.deere.testCases.TCSMTestCases.test_ViewCaseOnFullScreenTCSM(TCSMTestCases.java:485)
	at sun.reflect.NativeMethodAccessorImpl.invoke0(Native Method)
	at sun.reflect.NativeMethodAccessorImpl.invoke(NativeMethodAccessorImpl.java:62)
	at sun.reflect.DelegatingMethodAccessorImpl.invoke(DelegatingMethodAccessorImpl.java:43)
	at java.lang.reflect.Method.invoke(Method.java:498)
	at org.testng.internal.MethodInvocationHelper.invokeMethod(MethodInvocationHelper.java:84)
	at org.testng.internal.Invoker.invokeMethod(Invoker.java:714)
	at org.testng.internal.Invoker.invokeTestMethod(Invoker.java:901)
	at org.testng.internal.Invoker.invokeTestMethods(Invoker.java:1231)
	at org.testng.internal.TestMethodWorker.invokeTestMethods(TestMethodWorker.java:127)
	at org.testng.internal.TestMethodWorker.run(TestMethodWorker.java:111)
	at java.util.concurrent.ThreadPoolExecutor.runWorker(ThreadPoolExecutor.java:1142)
	at java.util.concurrent.ThreadPoolExecutor$Worker.run(ThreadPoolExecutor.java:617)
	at java.lang.Thread.run(Thread.java:745)
]]>
    </error>
  </testcase> <!-- test_ViewCaseOnFullScreenTCSM -->
</testsuite> <!-- com.deere.testCases.TCSMTestCases -->
